<?xml version="1.0" encoding="utf-8"?><testsuites name="pytest tests"><testsuite name="pytest" errors="0" failures="0" skipped="0" tests="6" time="6.071" timestamp="2026-05-13T01:00:18.689807+00:00" hostname="agent-env-b576ddc7-0a54-44fa-b834-e26bfb102c93"><testcase classname="backend.tests.test_iter15_blackjack_poker_operator_unify.TestAuthAndPanelAvailability" name="test_customer_login_with_requested_demo_account" time="0.114" /><testcase classname="backend.tests.test_iter15_blackjack_poker_operator_unify.TestAuthAndPanelAvailability" name="test_operator_login_with_operator123" time="0.151" /><testcase classname="backend.tests.test_iter15_blackjack_poker_operator_unify.TestAuthAndPanelAvailability" name="test_poker_state_endpoint_loads" time="0.632" /><testcase classname="backend.tests.test_iter15_blackjack_poker_operator_unify.TestAuthAndPanelAvailability" name="test_legacy_poker_join_page_loads" time="0.065" /><testcase classname="backend.tests.test_iter15_blackjack_poker_operator_unify.TestBlackjackMultiHandRegression" name="test_keep_active_true_preserves_previous_hand" time="0.381" /><testcase classname="backend.tests.test_iter15_blackjack_poker_operator_unify.TestBlackjackMultiHandRegression" name="test_hit_to_21_does_not_leave_active_stuck_hand" time="4.637" /></testsuite></testsuites>