<?xml version="1.0" encoding="utf-8"?><testsuites name="pytest tests"><testsuite name="pytest" errors="0" failures="0" skipped="0" tests="27" time="1.291" timestamp="2026-05-07T18:40:47.671196+00:00" hostname="agent-env-d287dca1-88cb-41bf-8dac-d938fbf2ec55"><testcase classname="backend.tests.test_iter8_card_games.TestSanity" name="test_app_alive" time="0.021" /><testcase classname="backend.tests.test_iter8_card_games.TestSanity" name="test_create_player_and_seed" time="0.035" /><testcase classname="backend.tests.test_iter8_card_games.TestBlackjackSidebet" name="test_sidebet_happy_path" time="0.057" /><testcase classname="backend.tests.test_iter8_card_games.TestBlackjackSidebet" name="test_sidebet_exceeds_base_bet" time="0.046" /><testcase classname="backend.tests.test_iter8_card_games.TestBlackjackSidebet" name="test_sidebet_negative" time="0.045" /><testcase classname="backend.tests.test_iter8_card_games.TestBlackjackSidebet" name="test_sidebet_both_zero" time="0.050" /><testcase classname="backend.tests.test_iter8_card_games.TestBlackjackSidebet" name="test_sidebet_unknown_game" time="0.033" /><testcase classname="backend.tests.test_iter8_card_games.TestBlackjackSplit" name="test_split_non_pair_rejected" time="0.059" /><testcase classname="backend.tests.test_iter8_card_games.TestBlackjackSplit" name="test_split_pair_happy_path" time="0.203" /><testcase classname="backend.tests.test_iter8_card_games.TestBlackjackSplit" name="test_split_unknown_game" time="0.031" /><testcase classname="backend.tests.test_iter8_card_games.TestBlackjackSurrender" name="test_surrender_unknown_game" time="0.032" /><testcase classname="backend.tests.test_iter8_card_games.TestBlackjackSurrender" name="test_surrender_returns_half_or_400" time="0.052" /><testcase classname="backend.tests.test_iter8_card_games.TestBlackjackActiveHand" name="test_active_hand_zero_ok" time="0.046" /><testcase classname="backend.tests.test_iter8_card_games.TestBlackjackActiveHand" name="test_active_hand_out_of_range" time="0.048" /><testcase classname="backend.tests.test_iter8_card_games.TestBlackjackBonusBuy" name="test_bonus_buy_price_and_natural_bj" time="0.047" /><testcase classname="backend.tests.test_iter8_card_games.TestBlackjackBonusBuy" name="test_bonus_buy_cooldown_and_session_limit" time="0.049" /><testcase classname="backend.tests.test_iter8_card_games.TestBlackjackBonusBuy" name="test_bonus_buy_session_max_via_db" time="0.086" /><testcase classname="backend.tests.test_iter8_card_games.TestPokerModeB" name="test_start_mode_b_no_seats_400" time="0.015" /><testcase classname="backend.tests.test_iter8_card_games.TestPokerModeB" name="test_start_mode_b_with_seats_ok" time="0.056" /><testcase classname="backend.tests.test_iter8_card_games.TestPokerModeB" name="test_round_state_returns_required_fields" time="0.002" /><testcase classname="backend.tests.test_iter8_card_games.TestPokerModeB" name="test_post_blinds_requires_player_seats" time="0.096" /><testcase classname="backend.tests.test_iter8_card_games.TestPokerSeatBet" name="test_unknown_token_404" time="0.002" /><testcase classname="backend.tests.test_iter8_card_games.TestPokerSeatBet" name="test_unknown_action_400" time="0.027" /><testcase classname="backend.tests.test_iter8_card_games.TestPokerAutoSettle" name="test_auto_settle_requires_confirm" time="0.002" /><testcase classname="backend.tests.test_iter8_card_games.TestCardRendererAsset" name="test_file_served_200" time="0.004" /><testcase classname="backend.tests.test_iter8_card_games.TestCardRendererAsset" name="test_renderer_no_obvious_syntax_errors" time="0.019" /><testcase classname="backend.tests.test_iter8_card_games.TestMonteCarloArtifact" name="test_report_exists_and_rtp_in_band" time="0.000" /></testsuite></testsuites>