<?xml version="1.0" encoding="utf-8"?><testsuites name="pytest tests"><testsuite name="pytest" errors="0" failures="0" skipped="0" tests="27" time="11.446" timestamp="2026-04-30T13:54:06.904774+00:00" hostname="agent-env-583fb458-bc5d-4ca0-bfc0-2bc5ba227b95"><testcase classname="backend.tests.test_admin_bulk_audit" name="test_bulk_set_streak_updates_player" time="0.387" /><testcase classname="backend.tests.test_admin_bulk_audit" name="test_bulk_grant_spins_updates_player" time="0.303" /><testcase classname="backend.tests.test_admin_bulk_audit" name="test_audit_action_filter_returns_bulk_events" time="0.070" /><testcase classname="backend.tests.test_admin_bulk_audit" name="test_audit_search_returns_bulk_entries" time="0.073" /><testcase classname="backend.tests.test_games_payout_regression" name="test_customer_login_seeded_player" time="0.109" /><testcase classname="backend.tests.test_games_payout_regression" name="test_war_play_success_and_cards_shape" time="0.076" /><testcase classname="backend.tests.test_games_payout_regression" name="test_pikapokeri_deal_then_draw_success" time="0.146" /><testcase classname="backend.tests.test_games_payout_regression" name="test_slots_response_shape_and_math_unchanged" time="0.084" /><testcase classname="backend.tests.test_games_payout_regression" name="test_poker_spin_requires_player_id" time="0.061" /><testcase classname="backend.tests.test_games_payout_regression" name="test_poker_spin_with_player_id_not_401" time="0.060" /><testcase classname="backend.tests.test_slot_bonus_pick" name="test_bonus_pick_success_flow_three_unique_tiles" time="1.327" /><testcase classname="backend.tests.test_slot_bonus_pick" name="test_bonus_pick_rejects_repeat_tile_after_opened" time="0.063" /><testcase classname="backend.tests.test_slot_bonus_pick" name="test_bonus_pick_rejects_invalid_tile_index" time="0.049" /><testcase classname="backend.tests.test_slot_free_spin_features" name="test_egypt_free_spins_use_expanding_symbol" time="0.001" /><testcase classname="backend.tests.test_slot_free_spin_features" name="test_space_free_spins_expand_wilds_and_can_retrigger" time="0.001" /><testcase classname="backend.tests.test_slot_free_spin_features" name="test_fruits_free_spins_use_fire_joker_multiplier_ladder" time="0.000" /><testcase classname="backend.tests.test_slot_free_spin_live_api" name="test_fruits_fire_joker_ladder_feature_payload" time="0.749" /><testcase classname="backend.tests.test_slot_free_spin_live_api" name="test_egypt_expanding_symbol_feature_payload" time="1.027" /><testcase classname="backend.tests.test_slot_free_spin_live_api" name="test_space_expanding_wild_respins_feature_payload" time="4.417" /><testcase classname="backend.tests.test_slot_rtp" name="test_all_spins_status_200" time="2.130" /><testcase classname="backend.tests.test_slot_rtp" name="test_response_shape_preserved" time="0.000" /><testcase classname="backend.tests.test_slot_rtp" name="test_total_mult_is_small_fractional" time="0.000" /><testcase classname="backend.tests.test_slot_rtp" name="test_payout_is_integer" time="0.000" /><testcase classname="backend.tests.test_slot_rtp" name="test_payout_matches_round_bet_mult" time="0.001" /><testcase classname="backend.tests.test_slot_rtp" name="test_payout_distribution_has_low_returns" time="0.001" /><testcase classname="backend.tests.test_slot_rtp" name="test_aggregate_rtp_in_realistic_band" time="0.000" /><testcase classname="backend.tests.test_slot_rtp" name="test_other_themes_smoke" time="0.139" /></testsuite></testsuites>