<?xml version="1.0" encoding="utf-8"?><testsuites name="pytest tests"><testsuite name="pytest" errors="0" failures="0" skipped="6" tests="14" time="2.536" timestamp="2026-04-30T12:55:55.470211+00:00" hostname="agent-env-583fb458-bc5d-4ca0-bfc0-2bc5ba227b95"><testcase classname="backend.tests.test_games_payout_regression" name="test_customer_login_seeded_player" time="0.000"><skipped type="pytest.skip" message="REACT_APP_BACKEND_URL is missing">/app/backend/tests/test_games_payout_regression.py:23: REACT_APP_BACKEND_URL is missing</skipped></testcase><testcase classname="backend.tests.test_games_payout_regression" name="test_war_play_success_and_cards_shape" time="0.000"><skipped type="pytest.skip" message="REACT_APP_BACKEND_URL is missing">/app/backend/tests/test_games_payout_regression.py:35: REACT_APP_BACKEND_URL is missing</skipped></testcase><testcase classname="backend.tests.test_games_payout_regression" name="test_pikapokeri_deal_then_draw_success" time="0.000"><skipped type="pytest.skip" message="REACT_APP_BACKEND_URL is missing">/app/backend/tests/test_games_payout_regression.py:48: REACT_APP_BACKEND_URL is missing</skipped></testcase><testcase classname="backend.tests.test_games_payout_regression" name="test_slots_response_shape_and_math_unchanged" time="0.000"><skipped type="pytest.skip" message="REACT_APP_BACKEND_URL is missing">/app/backend/tests/test_games_payout_regression.py:70: REACT_APP_BACKEND_URL is missing</skipped></testcase><testcase classname="backend.tests.test_games_payout_regression" name="test_poker_spin_requires_player_id" time="0.000"><skipped type="pytest.skip" message="REACT_APP_BACKEND_URL is missing">/app/backend/tests/test_games_payout_regression.py:104: REACT_APP_BACKEND_URL is missing</skipped></testcase><testcase classname="backend.tests.test_games_payout_regression" name="test_poker_spin_with_player_id_not_401" time="0.000"><skipped type="pytest.skip" message="REACT_APP_BACKEND_URL is missing">/app/backend/tests/test_games_payout_regression.py:111: REACT_APP_BACKEND_URL is missing</skipped></testcase><testcase classname="backend.tests.test_slot_rtp" name="test_all_spins_status_200" time="2.299" /><testcase classname="backend.tests.test_slot_rtp" name="test_response_shape_preserved" time="0.000" /><testcase classname="backend.tests.test_slot_rtp" name="test_total_mult_is_small_fractional" time="0.000" /><testcase classname="backend.tests.test_slot_rtp" name="test_payout_is_integer" time="0.000" /><testcase classname="backend.tests.test_slot_rtp" name="test_payout_matches_round_bet_mult" time="0.000" /><testcase classname="backend.tests.test_slot_rtp" name="test_at_least_one_zero_payout_in_30" time="0.000" /><testcase classname="backend.tests.test_slot_rtp" name="test_aggregate_rtp_in_realistic_band" time="0.000" /><testcase classname="backend.tests.test_slot_rtp" name="test_other_themes_smoke" time="0.135" /></testsuite></testsuites>