<?xml version="1.0" encoding="utf-8"?><testsuites name="pytest tests"><testsuite name="pytest" errors="0" failures="0" skipped="0" tests="3" time="8.248" timestamp="2026-04-30T13:53:48.071793+00:00" hostname="agent-env-583fb458-bc5d-4ca0-bfc0-2bc5ba227b95"><testcase classname="backend.tests.test_slot_free_spin_live_api" name="test_fruits_fire_joker_ladder_feature_payload" time="3.299" /><testcase classname="backend.tests.test_slot_free_spin_live_api" name="test_egypt_expanding_symbol_feature_payload" time="0.478" /><testcase classname="backend.tests.test_slot_free_spin_live_api" name="test_space_expanding_wild_respins_feature_payload" time="4.371" /></testsuite></testsuites>