<?xml version="1.0" encoding="utf-8"?><testsuites name="pytest tests"><testsuite name="pytest" errors="0" failures="1" skipped="0" tests="15" time="3.452" timestamp="2026-05-12T23:44:01.465119+00:00" hostname="agent-env-f3d21eaa-b0bd-4b81-8b2d-b8b60c46bf1d"><testcase classname="backend.tests.test_theme_and_3d_games.TestTheme" name="test_get_theme_returns_defaults" time="0.393" /><testcase classname="backend.tests.test_theme_and_3d_games.TestTheme" name="test_put_theme_requires_auth" time="0.133" /><testcase classname="backend.tests.test_theme_and_3d_games.TestTheme" name="test_put_theme_rejects_bad_token" time="0.156" /><testcase classname="backend.tests.test_theme_and_3d_games.TestTheme" name="test_put_theme_persists_and_resets" time="0.615" /><testcase classname="backend.tests.test_theme_and_3d_games.TestOperatorAuth" name="test_login_wrong_pw" time="0.203" /><testcase classname="backend.tests.test_theme_and_3d_games.TestOperatorAuth" name="test_login_correct" time="0.204" /><testcase classname="backend.tests.test_theme_and_3d_games.TestOperatorAuth" name="test_me_requires_token" time="0.136" /><testcase classname="backend.tests.test_theme_and_3d_games.TestOperatorAuth" name="test_me_with_token" time="0.141" /><testcase classname="backend.tests.test_theme_and_3d_games.TestCustomerSession" name="test_customer_login" time="0.139" /><testcase classname="backend.tests.test_theme_and_3d_games.TestCustomerSession" name="test_get_points" time="0.146" /><testcase classname="backend.tests.test_theme_and_3d_games.TestBlackjack" name="test_start_and_stand" time="0.175"><failure message="AssertionError: assert ('player' in {'bet': 100, 'dealer_cards': [{'rank': '2', 'suit': '♠'}, {'rank': '2', 'suit': '♣'}], 'dealer_has_bj': False, 'dealer_soft': False, ...})">backend/tests/test_theme_and_3d_games.py:162: in test_start_and_stand
    assert 'player' in d and 'dealer' in d
E   AssertionError: assert ('player' in {'bet': 100, 'dealer_cards': [{'rank': '2', 'suit': '♠'}, {'rank': '2', 'suit': '♣'}], 'dealer_has_bj': False, 'dealer_soft': False, ...})</failure></testcase><testcase classname="backend.tests.test_theme_and_3d_games.TestBaccarat" name="test_play_player_bet" time="0.132" /><testcase classname="backend.tests.test_theme_and_3d_games.TestBaccarat" name="test_play_banker" time="0.131" /><testcase classname="backend.tests.test_theme_and_3d_games.TestPikapokeri" name="test_start_then_draw" time="0.233" /><testcase classname="backend.tests.test_theme_and_3d_games.TestWar" name="test_play" time="0.300" /></testsuite></testsuites>