<?xml version="1.0" encoding="utf-8"?><testsuites name="pytest tests"><testsuite name="pytest" errors="0" failures="0" skipped="0" tests="6" time="0.610" timestamp="2026-04-30T12:56:03.923125+00:00" hostname="agent-env-583fb458-bc5d-4ca0-bfc0-2bc5ba227b95"><testcase classname="backend.tests.test_games_payout_regression" name="test_customer_login_seeded_player" time="0.142" /><testcase classname="backend.tests.test_games_payout_regression" name="test_war_play_success_and_cards_shape" time="0.074" /><testcase classname="backend.tests.test_games_payout_regression" name="test_pikapokeri_deal_then_draw_success" time="0.139" /><testcase classname="backend.tests.test_games_payout_regression" name="test_slots_response_shape_and_math_unchanged" time="0.065" /><testcase classname="backend.tests.test_games_payout_regression" name="test_poker_spin_requires_player_id" time="0.053" /><testcase classname="backend.tests.test_games_payout_regression" name="test_poker_spin_with_player_id_not_401" time="0.050" /></testsuite></testsuites>