<?xml version="1.0" encoding="utf-8"?><testsuites name="pytest tests"><testsuite name="pytest" errors="0" failures="1" skipped="0" tests="16" time="2.215" timestamp="2026-05-13T00:05:02.471147+00:00" hostname="agent-env-f3d21eaa-b0bd-4b81-8b2d-b8b60c46bf1d"><testcase classname="backend.tests.test_iter13_slots_coinflip_redirect.TestRootRedirect" name="test_root_redirects_to_operator" time="0.384" /><testcase classname="backend.tests.test_iter13_slots_coinflip_redirect.TestRootRedirect" name="test_operator_page_loads" time="0.112" /><testcase classname="backend.tests.test_iter13_slots_coinflip_redirect.TestRootRedirect" name="test_asiakas_page_loads" time="0.151" /><testcase classname="backend.tests.test_iter13_slots_coinflip_redirect.TestSlots" name="test_jackpot_shape" time="0.080" /><testcase classname="backend.tests.test_iter13_slots_coinflip_redirect.TestSlots" name="test_spin_fruits_grid_5x3" time="0.086" /><testcase classname="backend.tests.test_iter13_slots_coinflip_redirect.TestSlots" name="test_spin_each_theme[fruits]" time="0.099" /><testcase classname="backend.tests.test_iter13_slots_coinflip_redirect.TestSlots" name="test_spin_each_theme[egypt]" time="0.084" /><testcase classname="backend.tests.test_iter13_slots_coinflip_redirect.TestSlots" name="test_spin_each_theme[space]" time="0.089" /><testcase classname="backend.tests.test_iter13_slots_coinflip_redirect.TestSlots" name="test_spin_unknown_theme_falls_back_to_fruits" time="0.115" /><testcase classname="backend.tests.test_iter13_slots_coinflip_redirect.TestSlots" name="test_spin_jackpot_pool_increases" time="0.239" /><testcase classname="backend.tests.test_iter13_slots_coinflip_redirect.TestCoinflip" name="test_flip_heads_shape" time="0.081" /><testcase classname="backend.tests.test_iter13_slots_coinflip_redirect.TestCoinflip" name="test_flip_tails" time="0.074" /><testcase classname="backend.tests.test_iter13_slots_coinflip_redirect.TestCoinflip" name="test_flip_rejects_side_field" time="0.071" /><testcase classname="backend.tests.test_iter13_slots_coinflip_redirect.TestCoinflip" name="test_flip_rejects_bad_choice" time="0.083" /><testcase classname="backend.tests.test_iter13_slots_coinflip_redirect.TestCardGamesRegression" name="test_blackjack_start_returns_dealer_cards_with_hole" time="0.162"><failure message="assert 404 == 200&#10; +  where 404 = &lt;Response [404]&gt;.status_code">backend/tests/test_iter13_slots_coinflip_redirect.py:162: in test_blackjack_start_returns_dealer_cards_with_hole
    assert r2.status_code == 200
E   assert 404 == 200
E    +  where 404 = &lt;Response [404]&gt;.status_code</failure></testcase><testcase classname="backend.tests.test_iter13_slots_coinflip_redirect.TestCardGamesRegression" name="test_war_round" time="0.078" /></testsuite></testsuites>