<?xml version="1.0" encoding="utf-8"?><testsuites name="pytest tests"><testsuite name="pytest" errors="0" failures="1" skipped="0" tests="20" time="18.007" timestamp="2026-05-12T22:14:28.271924+00:00" hostname="agent-env-69d813dd-6ab6-4c8d-9528-c2d0baa7b59c"><testcase classname="backend.tests.test_iter11_shoe_and_operator" name="test_presets_unchanged" time="0.271" /><testcase classname="backend.tests.test_iter11_shoe_and_operator" name="test_round_start_has_shoe_no_pf_fields" time="0.265" /><testcase classname="backend.tests.test_iter11_shoe_and_operator" name="test_reveal_route_removed" time="0.535" /><testcase classname="backend.tests.test_iter11_shoe_and_operator" name="test_shoe_persists_across_rounds" time="1.053" /><testcase classname="backend.tests.test_iter11_shoe_and_operator" name="test_cut_card_triggers_reshuffle" time="11.428" /><testcase classname="backend.tests.test_iter11_shoe_and_operator" name="test_legacy_2d_blackjack_still_works" time="0.240" /><testcase classname="backend.tests.test_iter11_shoe_and_operator" name="test_operator_login_wrong_password" time="0.164" /><testcase classname="backend.tests.test_iter11_shoe_and_operator" name="test_operator_login_correct" time="0.124" /><testcase classname="backend.tests.test_iter11_shoe_and_operator" name="test_operator_me_unauth" time="0.191" /><testcase classname="backend.tests.test_iter11_shoe_and_operator" name="test_operator_me_auth" time="0.213" /><testcase classname="backend.tests.test_iter11_shoe_and_operator" name="test_op_stats" time="0.259" /><testcase classname="backend.tests.test_iter11_shoe_and_operator" name="test_op_shoes_list" time="0.305" /><testcase classname="backend.tests.test_iter11_shoe_and_operator" name="test_op_reset_single_shoe" time="0.741" /><testcase classname="backend.tests.test_iter11_shoe_and_operator" name="test_op_reset_all" time="0.288" /><testcase classname="backend.tests.test_iter11_shoe_and_operator" name="test_op_recent_rounds" time="0.266" /><testcase classname="backend.tests.test_iter11_shoe_and_operator" name="test_op_settings" time="0.221" /><testcase classname="backend.tests.test_iter11_shoe_and_operator" name="test_op_endpoints_reject_without_token" time="0.694" /><testcase classname="backend.tests.test_iter11_shoe_and_operator" name="test_standalone_blackjack3d_404" time="0.239" /><testcase classname="backend.tests.test_iter11_shoe_and_operator" name="test_operator_page_loads" time="0.141" /><testcase classname="backend.tests.test_iter11_shoe_and_operator" name="test_customer_login_regression" time="0.139"><failure message="AssertionError: assert None == 1&#10; +  where None = &lt;built-in method get of dict object at 0xff2ef3497240&gt;('player_id')&#10; +    where &lt;built-in method get of dict object at 0xff2ef3497240&gt; = {'bonuses': [], 'created_at': '2026-05-12 21:32:17', 'email': 'bj3d@test.com', 'has_password': True, ...}.get&#10; +      where {'bonuses': [], 'created_at': '2026-05-12 21:32:17', 'email': 'bj3d@test.com', 'has_password': True, ...} = json()&#10; +        where json = &lt;Response [200]&gt;.json">backend/tests/test_iter11_shoe_and_operator.py:261: in test_customer_login_regression
    assert r.json().get("player_id") == PLAYER_ID
E   AssertionError: assert None == 1
E    +  where None = &lt;built-in method get of dict object at 0xff2ef3497240&gt;('player_id')
E    +    where &lt;built-in method get of dict object at 0xff2ef3497240&gt; = {'bonuses': [], 'created_at': '2026-05-12 21:32:17', 'email': 'bj3d@test.com', 'has_password': True, ...}.get
E    +      where {'bonuses': [], 'created_at': '2026-05-12 21:32:17', 'email': 'bj3d@test.com', 'has_password': True, ...} = json()
E    +        where json = &lt;Response [200]&gt;.json</failure></testcase></testsuite></testsuites>