<?xml version="1.0" encoding="utf-8"?><testsuites name="pytest tests"><testsuite name="pytest" errors="0" failures="0" skipped="0" tests="14" time="2.294" timestamp="2026-05-13T00:27:09.802140+00:00" hostname="agent-env-f3d21eaa-b0bd-4b81-8b2d-b8b60c46bf1d"><testcase classname="backend.tests.test_iter14_chips_sidebets_multihand.TestBaccaratSideBets" name="test_baccarat_with_all_three_side_bets_returns_side_dict" time="0.458" /><testcase classname="backend.tests.test_iter14_chips_sidebets_multihand.TestBaccaratSideBets" name="test_baccarat_without_side_bets_returns_empty_side_dict" time="0.095" /><testcase classname="backend.tests.test_iter14_chips_sidebets_multihand.TestBaccaratSideBets" name="test_baccarat_insufficient_balance_for_main_plus_side" time="0.132" /><testcase classname="backend.tests.test_iter14_chips_sidebets_multihand.TestBaccaratSideBets" name="test_baccarat_negative_side_bet_rejected" time="0.072" /><testcase classname="backend.tests.test_iter14_chips_sidebets_multihand.TestBaccaratSideBets" name="test_baccarat_side_bet_payout_matches_dealt_pairs" time="0.815" /><testcase classname="backend.tests.test_iter14_chips_sidebets_multihand.TestBlackjackSideBetsEndpoint" name="test_bj_sidebet_pp_and_213_returns_resolved" time="0.142" /><testcase classname="backend.tests.test_iter14_chips_sidebets_multihand.TestBlackjackMultiHandStart" name="test_three_independent_start_calls_yield_three_game_ids" time="0.200" /><testcase classname="backend.tests.test_iter14_chips_sidebets_multihand.TestNoChipsInThreeJs" name="test_no_chip_mesh_factory" time="0.066" /><testcase classname="backend.tests.test_iter14_chips_sidebets_multihand.TestNoChipsInThreeJs" name="test_no_chips_group" time="0.001" /><testcase classname="backend.tests.test_iter14_chips_sidebets_multihand.TestNoChipsInThreeJs" name="test_no_cylinder_geometry" time="0.000" /><testcase classname="backend.tests.test_iter14_chips_sidebets_multihand.TestNoChipsInThreeJs" name="test_setchipstack_is_noop" time="0.000" /><testcase classname="backend.tests.test_iter14_chips_sidebets_multihand.TestCarryOverSmoke" name="test_root_still_redirects_to_operator" time="0.070" /><testcase classname="backend.tests.test_iter14_chips_sidebets_multihand.TestCarryOverSmoke" name="test_slots_spin_still_works" time="0.067" /><testcase classname="backend.tests.test_iter14_chips_sidebets_multihand.TestCarryOverSmoke" name="test_coinflip_still_works" time="0.064" /></testsuite></testsuites>