<?xml version="1.0" encoding="utf-8"?><testsuites name="pytest tests"><testsuite name="pytest" errors="0" failures="0" skipped="0" tests="8" time="2.301" timestamp="2026-04-30T13:29:26.640188+00:00" hostname="agent-env-583fb458-bc5d-4ca0-bfc0-2bc5ba227b95"><testcase classname="backend.tests.test_slot_rtp" name="test_all_spins_status_200" time="2.098" /><testcase classname="backend.tests.test_slot_rtp" name="test_response_shape_preserved" time="0.000" /><testcase classname="backend.tests.test_slot_rtp" name="test_total_mult_is_small_fractional" time="0.000" /><testcase classname="backend.tests.test_slot_rtp" name="test_payout_is_integer" time="0.000" /><testcase classname="backend.tests.test_slot_rtp" name="test_payout_matches_round_bet_mult" time="0.000" /><testcase classname="backend.tests.test_slot_rtp" name="test_payout_distribution_has_low_returns" time="0.000" /><testcase classname="backend.tests.test_slot_rtp" name="test_aggregate_rtp_in_realistic_band" time="0.000" /><testcase classname="backend.tests.test_slot_rtp" name="test_other_themes_smoke" time="0.122" /></testsuite></testsuites>