<?xml version="1.0" encoding="utf-8"?><testsuites name="pytest tests"><testsuite name="pytest" errors="0" failures="0" skipped="0" tests="13" time="3.127" timestamp="2026-05-12T21:57:38.737821+00:00" hostname="agent-env-69d813dd-6ab6-4c8d-9528-c2d0baa7b59c"><testcase classname="backend.tests.test_blackjack3d" name="test_presets_returns_three_presets" time="0.278" /><testcase classname="backend.tests.test_blackjack3d" name="test_start_round_deducts_and_commits" time="0.269" /><testcase classname="backend.tests.test_blackjack3d" name="test_start_round_insufficient_points_returns_400" time="0.071" /><testcase classname="backend.tests.test_blackjack3d" name="test_action_stand_settles_with_seed_reveal" time="0.187" /><testcase classname="backend.tests.test_blackjack3d" name="test_action_hit_can_bust" time="0.363" /><testcase classname="backend.tests.test_blackjack3d" name="test_action_double_deducts_extra_and_settles" time="0.242" /><testcase classname="backend.tests.test_blackjack3d" name="test_action_surrender_returns_half" time="0.273" /><testcase classname="backend.tests.test_blackjack3d" name="test_reveal_seed_matches_hash" time="0.318" /><testcase classname="backend.tests.test_blackjack3d" name="test_deterministic_shoe_reproduces_initial_cards" time="0.235" /><testcase classname="backend.tests.test_blackjack3d" name="test_hint_returns_valid_action" time="0.247" /><testcase classname="backend.tests.test_blackjack3d" name="test_wallet_balance_consistent_after_round" time="0.304" /><testcase classname="backend.tests.test_blackjack3d" name="test_legacy_2d_blackjack_endpoint_still_works" time="0.077" /><testcase classname="backend.tests.test_blackjack3d" name="test_blackjack3d_page_returns_200" time="0.081" /></testsuite></testsuites>