<?xml version="1.0" encoding="utf-8"?><testsuites name="pytest tests"><testsuite name="pytest" errors="0" failures="0" skipped="0" tests="6" time="0.691" timestamp="2026-04-30T13:09:55.442676+00:00" hostname="agent-env-583fb458-bc5d-4ca0-bfc0-2bc5ba227b95"><testcase classname="backend.tests.test_games_payout_regression" name="test_customer_login_seeded_player" time="0.240" /><testcase classname="backend.tests.test_games_payout_regression" name="test_war_play_success_and_cards_shape" time="0.067" /><testcase classname="backend.tests.test_games_payout_regression" name="test_pikapokeri_deal_then_draw_success" time="0.125" /><testcase classname="backend.tests.test_games_payout_regression" name="test_slots_response_shape_and_math_unchanged" time="0.069" /><testcase classname="backend.tests.test_games_payout_regression" name="test_poker_spin_requires_player_id" time="0.052" /><testcase classname="backend.tests.test_games_payout_regression" name="test_poker_spin_with_player_id_not_401" time="0.053" /></testsuite></testsuites>