<?xml version="1.0" encoding="utf-8"?><testsuites name="pytest tests"><testsuite name="pytest" errors="0" failures="0" skipped="14" tests="18" time="0.180" timestamp="2026-04-30T15:41:16.141116+00:00" hostname="agent-env-583fb458-bc5d-4ca0-bfc0-2bc5ba227b95"><testcase classname="backend.tests.test_games_payout_regression" name="test_customer_login_seeded_player" time="0.000"><skipped type="pytest.skip" message="REACT_APP_BACKEND_URL is missing">/app/backend/tests/test_games_payout_regression.py:23: REACT_APP_BACKEND_URL is missing</skipped></testcase><testcase classname="backend.tests.test_games_payout_regression" name="test_war_play_success_and_cards_shape" time="0.000"><skipped type="pytest.skip" message="REACT_APP_BACKEND_URL is missing">/app/backend/tests/test_games_payout_regression.py:35: REACT_APP_BACKEND_URL is missing</skipped></testcase><testcase classname="backend.tests.test_games_payout_regression" name="test_pikapokeri_deal_then_draw_success" time="0.000"><skipped type="pytest.skip" message="REACT_APP_BACKEND_URL is missing">/app/backend/tests/test_games_payout_regression.py:49: REACT_APP_BACKEND_URL is missing</skipped></testcase><testcase classname="backend.tests.test_games_payout_regression" name="test_slots_response_shape_and_math_unchanged" time="0.000"><skipped type="pytest.skip" message="REACT_APP_BACKEND_URL is missing">/app/backend/tests/test_games_payout_regression.py:71: REACT_APP_BACKEND_URL is missing</skipped></testcase><testcase classname="backend.tests.test_games_payout_regression" name="test_poker_spin_requires_player_id" time="0.000"><skipped type="pytest.skip" message="REACT_APP_BACKEND_URL is missing">/app/backend/tests/test_games_payout_regression.py:105: REACT_APP_BACKEND_URL is missing</skipped></testcase><testcase classname="backend.tests.test_games_payout_regression" name="test_poker_spin_with_player_id_not_401" time="0.000"><skipped type="pytest.skip" message="REACT_APP_BACKEND_URL is missing">/app/backend/tests/test_games_payout_regression.py:112: REACT_APP_BACKEND_URL is missing</skipped></testcase><testcase classname="backend.tests.test_table_game_realism" name="test_blackjack_natural_detection_and_soft_17_rule" time="0.000" /><testcase classname="backend.tests.test_table_game_realism" name="test_blackjack_dealer_draws_to_17_and_settles" time="0.000" /><testcase classname="backend.tests.test_table_game_realism" name="test_baccarat_third_card_rules_player_stands_banker_draws_on_five" time="0.000" /><testcase classname="backend.tests.test_table_game_realism" name="test_baccarat_natural_stops_all_draws" time="0.000" /><testcase classname="backend.tests.test_table_game_realism_live" name="test_coinflip_rules_metadata_and_payout_shape" time="0.000"><skipped type="pytest.skip" message="REACT_APP_BACKEND_URL is missing">/app/backend/tests/test_table_game_realism_live.py:38: REACT_APP_BACKEND_URL is missing</skipped></testcase><testcase classname="backend.tests.test_table_game_realism_live" name="test_war_outcomes_include_casino_variants_and_tie_breaker_metadata" time="0.000"><skipped type="pytest.skip" message="REACT_APP_BACKEND_URL is missing">/app/backend/tests/test_table_game_realism_live.py:54: REACT_APP_BACKEND_URL is missing</skipped></testcase><testcase classname="backend.tests.test_table_game_realism_live" name="test_baccarat_real_rules_metadata_draw_events_and_payouts[player]" time="0.000"><skipped type="pytest.skip" message="REACT_APP_BACKEND_URL is missing">/app/backend/tests/test_table_game_realism_live.py:85: REACT_APP_BACKEND_URL is missing</skipped></testcase><testcase classname="backend.tests.test_table_game_realism_live" name="test_baccarat_real_rules_metadata_draw_events_and_payouts[banker]" time="0.000"><skipped type="pytest.skip" message="REACT_APP_BACKEND_URL is missing">/app/backend/tests/test_table_game_realism_live.py:85: REACT_APP_BACKEND_URL is missing</skipped></testcase><testcase classname="backend.tests.test_table_game_realism_live" name="test_baccarat_real_rules_metadata_draw_events_and_payouts[tie]" time="0.000"><skipped type="pytest.skip" message="REACT_APP_BACKEND_URL is missing">/app/backend/tests/test_table_game_realism_live.py:85: REACT_APP_BACKEND_URL is missing</skipped></testcase><testcase classname="backend.tests.test_table_game_realism_live" name="test_blackjack_start_and_double_flow" time="0.000"><skipped type="pytest.skip" message="REACT_APP_BACKEND_URL is missing">/app/backend/tests/test_table_game_realism_live.py:116: REACT_APP_BACKEND_URL is missing</skipped></testcase><testcase classname="backend.tests.test_table_game_realism_live" name="test_blackjack_insurance_path_when_available" time="0.000"><skipped type="pytest.skip" message="REACT_APP_BACKEND_URL is missing">/app/backend/tests/test_table_game_realism_live.py:140: REACT_APP_BACKEND_URL is missing</skipped></testcase><testcase classname="backend.tests.test_table_game_realism_live" name="test_pikapokeri_flow_and_fullpay_table_constant" time="0.000"><skipped type="pytest.skip" message="REACT_APP_BACKEND_URL is missing">/app/backend/tests/test_table_game_realism_live.py:167: REACT_APP_BACKEND_URL is missing</skipped></testcase></testsuite></testsuites>