<?xml version="1.0" encoding="utf-8"?><testsuites name="pytest tests"><testsuite name="pytest" errors="0" failures="0" skipped="0" tests="3" time="2.096" timestamp="2026-04-30T13:29:57.370590+00:00" hostname="agent-env-583fb458-bc5d-4ca0-bfc0-2bc5ba227b95"><testcase classname="backend.tests.test_slot_bonus_pick" name="test_bonus_pick_success_flow_three_unique_tiles" time="1.916" /><testcase classname="backend.tests.test_slot_bonus_pick" name="test_bonus_pick_rejects_repeat_tile_after_opened" time="0.045" /><testcase classname="backend.tests.test_slot_bonus_pick" name="test_bonus_pick_rejects_invalid_tile_index" time="0.051" /></testsuite></testsuites>