<?xml version="1.0" encoding="utf-8"?><testsuites name="pytest tests"><testsuite name="pytest" errors="0" failures="0" skipped="0" tests="4" time="0.738" timestamp="2026-04-30T13:10:21.470352+00:00" hostname="agent-env-583fb458-bc5d-4ca0-bfc0-2bc5ba227b95"><testcase classname="backend.tests.test_admin_bulk_audit" name="test_bulk_set_streak_updates_player" time="0.329" /><testcase classname="backend.tests.test_admin_bulk_audit" name="test_bulk_grant_spins_updates_player" time="0.224" /><testcase classname="backend.tests.test_admin_bulk_audit" name="test_audit_action_filter_returns_bulk_events" time="0.048" /><testcase classname="backend.tests.test_admin_bulk_audit" name="test_audit_search_returns_bulk_entries" time="0.050" /></testsuite></testsuites>