<?xml version="1.0" encoding="utf-8"?><testsuites name="pytest tests"><testsuite name="pytest" errors="0" failures="0" skipped="0" tests="13" time="2.739" timestamp="2026-05-12T21:40:21.812828+00:00" hostname="agent-env-69d813dd-6ab6-4c8d-9528-c2d0baa7b59c"><testcase classname="backend.tests.test_blackjack3d" name="test_presets_returns_three_presets" time="0.202" /><testcase classname="backend.tests.test_blackjack3d" name="test_start_round_deducts_and_commits" time="0.227" /><testcase classname="backend.tests.test_blackjack3d" name="test_start_round_insufficient_points_returns_400" time="0.066" /><testcase classname="backend.tests.test_blackjack3d" name="test_action_stand_settles_with_seed_reveal" time="0.155" /><testcase classname="backend.tests.test_blackjack3d" name="test_action_hit_can_bust" time="0.298" /><testcase classname="backend.tests.test_blackjack3d" name="test_action_double_deducts_extra_and_settles" time="0.220" /><testcase classname="backend.tests.test_blackjack3d" name="test_action_surrender_returns_half" time="0.241" /><testcase classname="backend.tests.test_blackjack3d" name="test_reveal_seed_matches_hash" time="0.220" /><testcase classname="backend.tests.test_blackjack3d" name="test_deterministic_shoe_reproduces_initial_cards" time="0.224" /><testcase classname="backend.tests.test_blackjack3d" name="test_hint_returns_valid_action" time="0.223" /><testcase classname="backend.tests.test_blackjack3d" name="test_wallet_balance_consistent_after_round" time="0.277" /><testcase classname="backend.tests.test_blackjack3d" name="test_legacy_2d_blackjack_endpoint_still_works" time="0.086" /><testcase classname="backend.tests.test_blackjack3d" name="test_blackjack3d_page_returns_200" time="0.081" /></testsuite></testsuites>