<?xml version="1.0" encoding="utf-8"?><testsuites name="pytest tests"><testsuite name="pytest" errors="0" failures="0" skipped="0" tests="24" time="14.485" timestamp="2026-04-30T13:52:30.192900+00:00" hostname="agent-env-583fb458-bc5d-4ca0-bfc0-2bc5ba227b95"><testcase classname="backend.tests.test_admin_bulk_audit" name="test_bulk_set_streak_updates_player" time="0.463" /><testcase classname="backend.tests.test_admin_bulk_audit" name="test_bulk_grant_spins_updates_player" time="0.246" /><testcase classname="backend.tests.test_admin_bulk_audit" name="test_audit_action_filter_returns_bulk_events" time="0.052" /><testcase classname="backend.tests.test_admin_bulk_audit" name="test_audit_search_returns_bulk_entries" time="0.051" /><testcase classname="backend.tests.test_games_payout_regression" name="test_customer_login_seeded_player" time="0.111" /><testcase classname="backend.tests.test_games_payout_regression" name="test_war_play_success_and_cards_shape" time="0.083" /><testcase classname="backend.tests.test_games_payout_regression" name="test_pikapokeri_deal_then_draw_success" time="0.170" /><testcase classname="backend.tests.test_games_payout_regression" name="test_slots_response_shape_and_math_unchanged" time="0.084" /><testcase classname="backend.tests.test_games_payout_regression" name="test_poker_spin_requires_player_id" time="0.070" /><testcase classname="backend.tests.test_games_payout_regression" name="test_poker_spin_with_player_id_not_401" time="0.067" /><testcase classname="backend.tests.test_slot_bonus_pick" name="test_bonus_pick_success_flow_three_unique_tiles" time="10.518" /><testcase classname="backend.tests.test_slot_bonus_pick" name="test_bonus_pick_rejects_repeat_tile_after_opened" time="0.072" /><testcase classname="backend.tests.test_slot_bonus_pick" name="test_bonus_pick_rejects_invalid_tile_index" time="0.070" /><testcase classname="backend.tests.test_slot_free_spin_features" name="test_egypt_free_spins_use_expanding_symbol" time="0.001" /><testcase classname="backend.tests.test_slot_free_spin_features" name="test_space_free_spins_expand_wilds_and_can_retrigger" time="0.001" /><testcase classname="backend.tests.test_slot_free_spin_features" name="test_fruits_free_spins_use_fire_joker_multiplier_ladder" time="0.000" /><testcase classname="backend.tests.test_slot_rtp" name="test_all_spins_status_200" time="2.125" /><testcase classname="backend.tests.test_slot_rtp" name="test_response_shape_preserved" time="0.000" /><testcase classname="backend.tests.test_slot_rtp" name="test_total_mult_is_small_fractional" time="0.000" /><testcase classname="backend.tests.test_slot_rtp" name="test_payout_is_integer" time="0.000" /><testcase classname="backend.tests.test_slot_rtp" name="test_payout_matches_round_bet_mult" time="0.000" /><testcase classname="backend.tests.test_slot_rtp" name="test_payout_distribution_has_low_returns" time="0.000" /><testcase classname="backend.tests.test_slot_rtp" name="test_aggregate_rtp_in_realistic_band" time="0.000" /><testcase classname="backend.tests.test_slot_rtp" name="test_other_themes_smoke" time="0.131" /></testsuite></testsuites>