<?xml version="1.0" encoding="utf-8"?><testsuites name="pytest tests"><testsuite name="pytest" errors="0" failures="0" skipped="0" tests="2" time="0.985" timestamp="2026-05-13T01:16:23.312706+00:00" hostname="agent-env-b576ddc7-0a54-44fa-b834-e26bfb102c93"><testcase classname="backend.tests.test_iter16_poker_next_hand" name="test_operator_login_and_operator_me" time="0.301" /><testcase classname="backend.tests.test_iter16_poker_next_hand" name="test_poker_deal_accepts_community_preset_with_null_slots_and_applies_presets" time="0.591" /></testsuite></testsuites>