<?xml version="1.0" encoding="utf-8"?><testsuites name="pytest tests"><testsuite name="pytest" errors="0" failures="0" skipped="0" tests="5" time="1.094" timestamp="2026-05-13T01:34:18.561012+00:00" hostname="agent-env-b576ddc7-0a54-44fa-b834-e26bfb102c93"><testcase classname="backend.tests.test_iter15_auth_and_poker_smoke" name="test_customer_login_success" time="0.336" /><testcase classname="backend.tests.test_iter15_auth_and_poker_smoke" name="test_customer_login_invalid_password" time="0.070" /><testcase classname="backend.tests.test_iter15_auth_and_poker_smoke" name="test_operator_login_success" time="0.068" /><testcase classname="backend.tests.test_iter15_auth_and_poker_smoke" name="test_operator_me_with_bearer_token" time="0.148" /><testcase classname="backend.tests.test_iter15_auth_and_poker_smoke" name="test_poker_state_shape" time="0.106" /></testsuite></testsuites>